2025-10-16T08:51:56.916+05:30  INFO 18096 --- [travel-request-management] [main] c.b.t.TravelRequestManagementApplication : Starting TravelRequestManagementApplication using Java 21.0.7 with PID 18096 (D:\sid\TRAVELREQUETMANAGEMENT\travel-request-management\target\classes started by sdarade in D:\sid\TRAVELREQUETMANAGEMENT\travel-request-management)
2025-10-16T08:51:56.920+05:30 DEBUG 18096 --- [travel-request-management] [main] c.b.t.TravelRequestManagementApplication : Running with Spring Boot v3.3.4, Spring v6.1.13
2025-10-16T08:51:56.921+05:30  INFO 18096 --- [travel-request-management] [main] c.b.t.TravelRequestManagementApplication : No active profile set, falling back to 1 default profile: "default"
2025-10-16T08:51:57.594+05:30  INFO 18096 --- [travel-request-management] [main] .s.d.r.c.RepositoryConfigurationDelegate : Bootstrapping Spring Data JPA repositories in DEFAULT mode.
2025-10-16T08:51:57.630+05:30  INFO 18096 --- [travel-request-management] [main] .s.d.r.c.RepositoryConfigurationDelegate : Finished Spring Data repository scanning in 31 ms. Found 4 JPA repository interfaces.
2025-10-16T08:51:57.780+05:30  INFO 18096 --- [travel-request-management] [main] o.s.cloud.context.scope.GenericScope     : BeanFactory id=d9607cd6-76e2-3b07-8a01-66951e207233
2025-10-16T08:51:58.172+05:30  INFO 18096 --- [travel-request-management] [main] o.s.b.w.embedded.tomcat.TomcatWebServer  : Tomcat initialized with port 9015 (http)
2025-10-16T08:51:58.179+05:30  INFO 18096 --- [travel-request-management] [main] o.apache.catalina.core.StandardService   : Starting service [Tomcat]
2025-10-16T08:51:58.179+05:30  INFO 18096 --- [travel-request-management] [main] o.apache.catalina.core.StandardEngine    : Starting Servlet engine: [Apache Tomcat/10.1.30]
2025-10-16T08:51:58.215+05:30  INFO 18096 --- [travel-request-management] [main] o.a.c.c.C.[.[.[/travel-management]       : Initializing Spring embedded WebApplicationContext
2025-10-16T08:51:58.215+05:30  INFO 18096 --- [travel-request-management] [main] w.s.c.ServletWebServerApplicationContext : Root WebApplicationContext: initialization completed in 1267 ms
2025-10-16T08:51:58.374+05:30  INFO 18096 --- [travel-request-management] [main] com.zaxxer.hikari.HikariDataSource       : HikariPool-1 - Starting...
2025-10-16T08:51:58.476+05:30  INFO 18096 --- [travel-request-management] [main] com.zaxxer.hikari.pool.HikariPool        : HikariPool-1 - Added connection org.postgresql.jdbc.PgConnection@3a7d914c
2025-10-16T08:51:58.477+05:30  INFO 18096 --- [travel-request-management] [main] com.zaxxer.hikari.HikariDataSource       : HikariPool-1 - Start completed.
2025-10-16T08:51:58.532+05:30  INFO 18096 --- [travel-request-management] [main] o.hibernate.jpa.internal.util.LogHelper  : HHH000204: Processing PersistenceUnitInfo [name: default]
2025-10-16T08:51:58.557+05:30  INFO 18096 --- [travel-request-management] [main] org.hibernate.Version                    : HHH000412: Hibernate ORM core version 6.5.3.Final
2025-10-16T08:51:58.574+05:30  INFO 18096 --- [travel-request-management] [main] o.h.c.internal.RegionFactoryInitiator    : HHH000026: Second-level cache disabled
2025-10-16T08:51:58.729+05:30  INFO 18096 --- [travel-request-management] [main] o.s.o.j.p.SpringPersistenceUnitInfo      : No LoadTimeWeaver setup: ignoring JPA class transformer
2025-10-16T08:51:58.772+05:30  WARN 18096 --- [travel-request-management] [main] org.hibernate.orm.deprecation            : HHH90000025: PostgreSQLDialect does not need to be specified explicitly using 'hibernate.dialect' (remove the property setting and it will be selected by default)
2025-10-16T08:51:59.316+05:30  INFO 18096 --- [travel-request-management] [main] o.h.e.t.j.p.i.JtaPlatformInitiator       : HHH000489: No JTA platform available (set 'hibernate.transaction.jta.platform' to enable JTA platform integration)
2025-10-16T08:51:59.419+05:30  INFO 18096 --- [travel-request-management] [main] j.LocalContainerEntityManagerFactoryBean : Initialized JPA EntityManagerFactory for persistence unit 'default'
2025-10-16T08:51:59.659+05:30  INFO 18096 --- [travel-request-management] [main] o.s.d.j.r.query.QueryEnhancerFactory     : Hibernate is in classpath; If applicable, HQL parser will be used.
2025-10-16T08:52:00.184+05:30  WARN 18096 --- [travel-request-management] [main] JpaBaseConfiguration$JpaWebConfiguration : spring.jpa.open-in-view is enabled by default. Therefore, database queries may be performed during view rendering. Explicitly configure spring.jpa.open-in-view to disable this warning
2025-10-16T08:52:01.417+05:30  INFO 18096 --- [travel-request-management] [main] o.a.k.clients.admin.AdminClientConfig    : AdminClientConfig values: 
	auto.include.jmx.reporter = true
	bootstrap.controllers = []
	bootstrap.servers = [localhost:9092]
	client.dns.lookup = use_all_dns_ips
	client.id = travel-request-management-admin-0
	connections.max.idle.ms = 300000
	default.api.timeout.ms = 60000
	enable.metrics.push = true
	metadata.max.age.ms = 300000
	metric.reporters = []
	metrics.num.samples = 2
	metrics.recording.level = INFO
	metrics.sample.window.ms = 30000
	receive.buffer.bytes = 65536
	reconnect.backoff.max.ms = 1000
	reconnect.backoff.ms = 50
	request.timeout.ms = 30000
	retries = 2147483647
	retry.backoff.max.ms = 1000
	retry.backoff.ms = 100
	sasl.client.callback.handler.class = null
	sasl.jaas.config = null
	sasl.kerberos.kinit.cmd = /usr/bin/kinit
	sasl.kerberos.min.time.before.relogin = 60000
	sasl.kerberos.service.name = null
	sasl.kerberos.ticket.renew.jitter = 0.05
	sasl.kerberos.ticket.renew.window.factor = 0.8
	sasl.login.callback.handler.class = null
	sasl.login.class = null
	sasl.login.connect.timeout.ms = null
	sasl.login.read.timeout.ms = null
	sasl.login.refresh.buffer.seconds = 300
	sasl.login.refresh.min.period.seconds = 60
	sasl.login.refresh.window.factor = 0.8
	sasl.login.refresh.window.jitter = 0.05
	sasl.login.retry.backoff.max.ms = 10000
	sasl.login.retry.backoff.ms = 100
	sasl.mechanism = GSSAPI
	sasl.oauthbearer.clock.skew.seconds = 30
	sasl.oauthbearer.expected.audience = null
	sasl.oauthbearer.expected.issuer = null
	sasl.oauthbearer.jwks.endpoint.refresh.ms = 3600000
	sasl.oauthbearer.jwks.endpoint.retry.backoff.max.ms = 10000
	sasl.oauthbearer.jwks.endpoint.retry.backoff.ms = 100
	sasl.oauthbearer.jwks.endpoint.url = null
	sasl.oauthbearer.scope.claim.name = scope
	sasl.oauthbearer.sub.claim.name = sub
	sasl.oauthbearer.token.endpoint.url = null
	security.protocol = PLAINTEXT
	security.providers = null
	send.buffer.bytes = 131072
	socket.connection.setup.timeout.max.ms = 30000
	socket.connection.setup.timeout.ms = 10000
	ssl.cipher.suites = null
	ssl.enabled.protocols = [TLSv1.2, TLSv1.3]
	ssl.endpoint.identification.algorithm = https
	ssl.engine.factory.class = null
	ssl.key.password = null
	ssl.keymanager.algorithm = SunX509
	ssl.keystore.certificate.chain = null
	ssl.keystore.key = null
	ssl.keystore.location = null
	ssl.keystore.password = null
	ssl.keystore.type = JKS
	ssl.protocol = TLSv1.3
	ssl.provider = null
	ssl.secure.random.implementation = null
	ssl.trustmanager.algorithm = PKIX
	ssl.truststore.certificates = null
	ssl.truststore.location = null
	ssl.truststore.password = null
	ssl.truststore.type = JKS

2025-10-16T08:52:01.455+05:30  INFO 18096 --- [travel-request-management] [main] o.a.kafka.common.utils.AppInfoParser     : Kafka version: 3.7.1
2025-10-16T08:52:01.455+05:30  INFO 18096 --- [travel-request-management] [main] o.a.kafka.common.utils.AppInfoParser     : Kafka commitId: e2494e6ffb89f828
2025-10-16T08:52:01.455+05:30  INFO 18096 --- [travel-request-management] [main] o.a.kafka.common.utils.AppInfoParser     : Kafka startTimeMs: 1760584921454
2025-10-16T08:52:01.462+05:30  INFO 18096 --- [travel-request-management] [kafka-admin-client-thread | travel-request-management-admin-0] org.apache.kafka.clients.NetworkClient   : [AdminClient clientId=travel-request-management-admin-0] Node -1 disconnected.
2025-10-16T08:52:01.463+05:30  WARN 18096 --- [travel-request-management] [kafka-admin-client-thread | travel-request-management-admin-0] org.apache.kafka.clients.NetworkClient   : [AdminClient clientId=travel-request-management-admin-0] Connection to node -1 (localhost/127.0.0.1:9092) could not be established. Node may not be available.
2025-10-16T08:52:01.575+05:30  INFO 18096 --- [travel-request-management] [kafka-admin-client-thread | travel-request-management-admin-0] org.apache.kafka.clients.NetworkClient   : [AdminClient clientId=travel-request-management-admin-0] Node -1 disconnected.
2025-10-16T08:52:01.575+05:30  WARN 18096 --- [travel-request-management] [kafka-admin-client-thread | travel-request-management-admin-0] org.apache.kafka.clients.NetworkClient   : [AdminClient clientId=travel-request-management-admin-0] Connection to node -1 (localhost/127.0.0.1:9092) could not be established. Node may not be available.
2025-10-16T08:52:01.684+05:30  INFO 18096 --- [travel-request-management] [kafka-admin-client-thread | travel-request-management-admin-0] org.apache.kafka.clients.NetworkClient   : [AdminClient clientId=travel-request-management-admin-0] Node -1 disconnected.
2025-10-16T08:52:01.685+05:30  WARN 18096 --- [travel-request-management] [kafka-admin-client-thread | travel-request-management-admin-0] org.apache.kafka.clients.NetworkClient   : [AdminClient clientId=travel-request-management-admin-0] Connection to node -1 (localhost/127.0.0.1:9092) could not be established. Node may not be available.
2025-10-16T08:52:01.901+05:30  INFO 18096 --- [travel-request-management] [kafka-admin-client-thread | travel-request-management-admin-0] org.apache.kafka.clients.NetworkClient   : [AdminClient clientId=travel-request-management-admin-0] Node -1 disconnected.
2025-10-16T08:52:01.902+05:30  WARN 18096 --- [travel-request-management] [kafka-admin-client-thread | travel-request-management-admin-0] org.apache.kafka.clients.NetworkClient   : [AdminClient clientId=travel-request-management-admin-0] Connection to node -1 (localhost/127.0.0.1:9092) could not be established. Node may not be available.
2025-10-16T08:52:02.225+05:30  INFO 18096 --- [travel-request-management] [kafka-admin-client-thread | travel-request-management-admin-0] org.apache.kafka.clients.NetworkClient   : [AdminClient clientId=travel-request-management-admin-0] Node -1 disconnected.
2025-10-16T08:52:02.226+05:30  WARN 18096 --- [travel-request-management] [kafka-admin-client-thread | travel-request-management-admin-0] org.apache.kafka.clients.NetworkClient   : [AdminClient clientId=travel-request-management-admin-0] Connection to node -1 (localhost/127.0.0.1:9092) could not be established. Node may not be available.
2025-10-16T08:52:03.199+05:30  INFO 18096 --- [travel-request-management] [kafka-admin-client-thread | travel-request-management-admin-0] org.apache.kafka.clients.NetworkClient   : [AdminClient clientId=travel-request-management-admin-0] Node -1 disconnected.
2025-10-16T08:52:03.199+05:30  WARN 18096 --- [travel-request-management] [kafka-admin-client-thread | travel-request-management-admin-0] org.apache.kafka.clients.NetworkClient   : [AdminClient clientId=travel-request-management-admin-0] Connection to node -1 (localhost/127.0.0.1:9092) could not be established. Node may not be available.
2025-10-16T08:52:04.173+05:30  INFO 18096 --- [travel-request-management] [kafka-admin-client-thread | travel-request-management-admin-0] org.apache.kafka.clients.NetworkClient   : [AdminClient clientId=travel-request-management-admin-0] Node -1 disconnected.
2025-10-16T08:52:04.174+05:30  WARN 18096 --- [travel-request-management] [kafka-admin-client-thread | travel-request-management-admin-0] org.apache.kafka.clients.NetworkClient   : [AdminClient clientId=travel-request-management-admin-0] Connection to node -1 (localhost/127.0.0.1:9092) could not be established. Node may not be available.
2025-10-16T08:52:05.181+05:30  INFO 18096 --- [travel-request-management] [kafka-admin-client-thread | travel-request-management-admin-0] org.apache.kafka.clients.NetworkClient   : [AdminClient clientId=travel-request-management-admin-0] Node -1 disconnected.
2025-10-16T08:52:05.181+05:30  WARN 18096 --- [travel-request-management] [kafka-admin-client-thread | travel-request-management-admin-0] org.apache.kafka.clients.NetworkClient   : [AdminClient clientId=travel-request-management-admin-0] Connection to node -1 (localhost/127.0.0.1:9092) could not be established. Node may not be available.
2025-10-16T08:52:06.260+05:30  INFO 18096 --- [travel-request-management] [kafka-admin-client-thread | travel-request-management-admin-0] org.apache.kafka.clients.NetworkClient   : [AdminClient clientId=travel-request-management-admin-0] Node -1 disconnected.
2025-10-16T08:52:06.261+05:30  WARN 18096 --- [travel-request-management] [kafka-admin-client-thread | travel-request-management-admin-0] org.apache.kafka.clients.NetworkClient   : [AdminClient clientId=travel-request-management-admin-0] Connection to node -1 (localhost/127.0.0.1:9092) could not be established. Node may not be available.
2025-10-16T08:52:07.299+05:30  INFO 18096 --- [travel-request-management] [kafka-admin-client-thread | travel-request-management-admin-0] org.apache.kafka.clients.NetworkClient   : [AdminClient clientId=travel-request-management-admin-0] Node -1 disconnected.
2025-10-16T08:52:07.300+05:30  WARN 18096 --- [travel-request-management] [kafka-admin-client-thread | travel-request-management-admin-0] org.apache.kafka.clients.NetworkClient   : [AdminClient clientId=travel-request-management-admin-0] Connection to node -1 (localhost/127.0.0.1:9092) could not be established. Node may not be available.
2025-10-16T08:52:08.370+05:30  INFO 18096 --- [travel-request-management] [kafka-admin-client-thread | travel-request-management-admin-0] org.apache.kafka.clients.NetworkClient   : [AdminClient clientId=travel-request-management-admin-0] Node -1 disconnected.
2025-10-16T08:52:08.370+05:30  WARN 18096 --- [travel-request-management] [kafka-admin-client-thread | travel-request-management-admin-0] org.apache.kafka.clients.NetworkClient   : [AdminClient clientId=travel-request-management-admin-0] Connection to node -1 (localhost/127.0.0.1:9092) could not be established. Node may not be available.
2025-10-16T08:52:09.376+05:30  INFO 18096 --- [travel-request-management] [kafka-admin-client-thread | travel-request-management-admin-0] org.apache.kafka.clients.NetworkClient   : [AdminClient clientId=travel-request-management-admin-0] Node -1 disconnected.
2025-10-16T08:52:09.376+05:30  WARN 18096 --- [travel-request-management] [kafka-admin-client-thread | travel-request-management-admin-0] org.apache.kafka.clients.NetworkClient   : [AdminClient clientId=travel-request-management-admin-0] Connection to node -1 (localhost/127.0.0.1:9092) could not be established. Node may not be available.
2025-10-16T08:52:10.415+05:30  INFO 18096 --- [travel-request-management] [kafka-admin-client-thread | travel-request-management-admin-0] org.apache.kafka.clients.NetworkClient   : [AdminClient clientId=travel-request-management-admin-0] Node -1 disconnected.
2025-10-16T08:52:10.416+05:30  WARN 18096 --- [travel-request-management] [kafka-admin-client-thread | travel-request-management-admin-0] org.apache.kafka.clients.NetworkClient   : [AdminClient clientId=travel-request-management-admin-0] Connection to node -1 (localhost/127.0.0.1:9092) could not be established. Node may not be available.
2025-10-16T08:52:11.391+05:30  INFO 18096 --- [travel-request-management] [kafka-admin-client-thread | travel-request-management-admin-0] org.apache.kafka.clients.NetworkClient   : [AdminClient clientId=travel-request-management-admin-0] Node -1 disconnected.
2025-10-16T08:52:11.391+05:30  WARN 18096 --- [travel-request-management] [kafka-admin-client-thread | travel-request-management-admin-0] org.apache.kafka.clients.NetworkClient   : [AdminClient clientId=travel-request-management-admin-0] Connection to node -1 (localhost/127.0.0.1:9092) could not be established. Node may not be available.
2025-10-16T08:52:12.467+05:30  INFO 18096 --- [travel-request-management] [kafka-admin-client-thread | travel-request-management-admin-0] org.apache.kafka.clients.NetworkClient   : [AdminClient clientId=travel-request-management-admin-0] Node -1 disconnected.
2025-10-16T08:52:12.467+05:30  WARN 18096 --- [travel-request-management] [kafka-admin-client-thread | travel-request-management-admin-0] org.apache.kafka.clients.NetworkClient   : [AdminClient clientId=travel-request-management-admin-0] Connection to node -1 (localhost/127.0.0.1:9092) could not be established. Node may not be available.
2025-10-16T08:52:13.507+05:30  INFO 18096 --- [travel-request-management] [kafka-admin-client-thread | travel-request-management-admin-0] org.apache.kafka.clients.NetworkClient   : [AdminClient clientId=travel-request-management-admin-0] Node -1 disconnected.
2025-10-16T08:52:13.507+05:30  WARN 18096 --- [travel-request-management] [kafka-admin-client-thread | travel-request-management-admin-0] org.apache.kafka.clients.NetworkClient   : [AdminClient clientId=travel-request-management-admin-0] Connection to node -1 (localhost/127.0.0.1:9092) could not be established. Node may not be available.
2025-10-16T08:52:14.514+05:30  INFO 18096 --- [travel-request-management] [kafka-admin-client-thread | travel-request-management-admin-0] org.apache.kafka.clients.NetworkClient   : [AdminClient clientId=travel-request-management-admin-0] Node -1 disconnected.
2025-10-16T08:52:14.514+05:30  WARN 18096 --- [travel-request-management] [kafka-admin-client-thread | travel-request-management-admin-0] org.apache.kafka.clients.NetworkClient   : [AdminClient clientId=travel-request-management-admin-0] Connection to node -1 (localhost/127.0.0.1:9092) could not be established. Node may not be available.
2025-10-16T08:52:15.598+05:30  INFO 18096 --- [travel-request-management] [kafka-admin-client-thread | travel-request-management-admin-0] org.apache.kafka.clients.NetworkClient   : [AdminClient clientId=travel-request-management-admin-0] Node -1 disconnected.
2025-10-16T08:52:15.598+05:30  WARN 18096 --- [travel-request-management] [kafka-admin-client-thread | travel-request-management-admin-0] org.apache.kafka.clients.NetworkClient   : [AdminClient clientId=travel-request-management-admin-0] Connection to node -1 (localhost/127.0.0.1:9092) could not be established. Node may not be available.
2025-10-16T08:52:16.573+05:30  INFO 18096 --- [travel-request-management] [kafka-admin-client-thread | travel-request-management-admin-0] org.apache.kafka.clients.NetworkClient   : [AdminClient clientId=travel-request-management-admin-0] Node -1 disconnected.
2025-10-16T08:52:16.573+05:30  WARN 18096 --- [travel-request-management] [kafka-admin-client-thread | travel-request-management-admin-0] org.apache.kafka.clients.NetworkClient   : [AdminClient clientId=travel-request-management-admin-0] Connection to node -1 (localhost/127.0.0.1:9092) could not be established. Node may not be available.
2025-10-16T08:52:17.546+05:30  INFO 18096 --- [travel-request-management] [kafka-admin-client-thread | travel-request-management-admin-0] org.apache.kafka.clients.NetworkClient   : [AdminClient clientId=travel-request-management-admin-0] Node -1 disconnected.
2025-10-16T08:52:17.546+05:30  WARN 18096 --- [travel-request-management] [kafka-admin-client-thread | travel-request-management-admin-0] org.apache.kafka.clients.NetworkClient   : [AdminClient clientId=travel-request-management-admin-0] Connection to node -1 (localhost/127.0.0.1:9092) could not be established. Node may not be available.
2025-10-16T08:52:18.595+05:30  INFO 18096 --- [travel-request-management] [kafka-admin-client-thread | travel-request-management-admin-0] org.apache.kafka.clients.NetworkClient   : [AdminClient clientId=travel-request-management-admin-0] Node -1 disconnected.
2025-10-16T08:52:18.595+05:30  WARN 18096 --- [travel-request-management] [kafka-admin-client-thread | travel-request-management-admin-0] org.apache.kafka.clients.NetworkClient   : [AdminClient clientId=travel-request-management-admin-0] Connection to node -1 (localhost/127.0.0.1:9092) could not be established. Node may not be available.
2025-10-16T08:52:19.601+05:30  INFO 18096 --- [travel-request-management] [kafka-admin-client-thread | travel-request-management-admin-0] org.apache.kafka.clients.NetworkClient   : [AdminClient clientId=travel-request-management-admin-0] Node -1 disconnected.
2025-10-16T08:52:19.603+05:30  WARN 18096 --- [travel-request-management] [kafka-admin-client-thread | travel-request-management-admin-0] org.apache.kafka.clients.NetworkClient   : [AdminClient clientId=travel-request-management-admin-0] Connection to node -1 (localhost/127.0.0.1:9092) could not be established. Node may not be available.
2025-10-16T08:52:20.644+05:30  INFO 18096 --- [travel-request-management] [kafka-admin-client-thread | travel-request-management-admin-0] org.apache.kafka.clients.NetworkClient   : [AdminClient clientId=travel-request-management-admin-0] Node -1 disconnected.
2025-10-16T08:52:20.644+05:30  WARN 18096 --- [travel-request-management] [kafka-admin-client-thread | travel-request-management-admin-0] org.apache.kafka.clients.NetworkClient   : [AdminClient clientId=travel-request-management-admin-0] Connection to node -1 (localhost/127.0.0.1:9092) could not be established. Node may not be available.
2025-10-16T08:52:21.692+05:30  INFO 18096 --- [travel-request-management] [kafka-admin-client-thread | travel-request-management-admin-0] org.apache.kafka.clients.NetworkClient   : [AdminClient clientId=travel-request-management-admin-0] Node -1 disconnected.
2025-10-16T08:52:21.693+05:30  WARN 18096 --- [travel-request-management] [kafka-admin-client-thread | travel-request-management-admin-0] org.apache.kafka.clients.NetworkClient   : [AdminClient clientId=travel-request-management-admin-0] Connection to node -1 (localhost/127.0.0.1:9092) could not be established. Node may not be available.
2025-10-16T08:52:22.732+05:30  INFO 18096 --- [travel-request-management] [kafka-admin-client-thread | travel-request-management-admin-0] org.apache.kafka.clients.NetworkClient   : [AdminClient clientId=travel-request-management-admin-0] Node -1 disconnected.
2025-10-16T08:52:22.732+05:30  WARN 18096 --- [travel-request-management] [kafka-admin-client-thread | travel-request-management-admin-0] org.apache.kafka.clients.NetworkClient   : [AdminClient clientId=travel-request-management-admin-0] Connection to node -1 (localhost/127.0.0.1:9092) could not be established. Node may not be available.
2025-10-16T08:52:23.711+05:30  INFO 18096 --- [travel-request-management] [kafka-admin-client-thread | travel-request-management-admin-0] org.apache.kafka.clients.NetworkClient   : [AdminClient clientId=travel-request-management-admin-0] Node -1 disconnected.
2025-10-16T08:52:23.712+05:30  WARN 18096 --- [travel-request-management] [kafka-admin-client-thread | travel-request-management-admin-0] org.apache.kafka.clients.NetworkClient   : [AdminClient clientId=travel-request-management-admin-0] Connection to node -1 (localhost/127.0.0.1:9092) could not be established. Node may not be available.
2025-10-16T08:52:24.684+05:30  INFO 18096 --- [travel-request-management] [kafka-admin-client-thread | travel-request-management-admin-0] org.apache.kafka.clients.NetworkClient   : [AdminClient clientId=travel-request-management-admin-0] Node -1 disconnected.
2025-10-16T08:52:24.684+05:30  WARN 18096 --- [travel-request-management] [kafka-admin-client-thread | travel-request-management-admin-0] org.apache.kafka.clients.NetworkClient   : [AdminClient clientId=travel-request-management-admin-0] Connection to node -1 (localhost/127.0.0.1:9092) could not be established. Node may not be available.
2025-10-16T08:52:25.766+05:30  INFO 18096 --- [travel-request-management] [kafka-admin-client-thread | travel-request-management-admin-0] org.apache.kafka.clients.NetworkClient   : [AdminClient clientId=travel-request-management-admin-0] Node -1 disconnected.
2025-10-16T08:52:25.767+05:30  WARN 18096 --- [travel-request-management] [kafka-admin-client-thread | travel-request-management-admin-0] org.apache.kafka.clients.NetworkClient   : [AdminClient clientId=travel-request-management-admin-0] Connection to node -1 (localhost/127.0.0.1:9092) could not be established. Node may not be available.
2025-10-16T08:52:26.851+05:30  INFO 18096 --- [travel-request-management] [kafka-admin-client-thread | travel-request-management-admin-0] org.apache.kafka.clients.NetworkClient   : [AdminClient clientId=travel-request-management-admin-0] Node -1 disconnected.
2025-10-16T08:52:26.852+05:30  WARN 18096 --- [travel-request-management] [kafka-admin-client-thread | travel-request-management-admin-0] org.apache.kafka.clients.NetworkClient   : [AdminClient clientId=travel-request-management-admin-0] Connection to node -1 (localhost/127.0.0.1:9092) could not be established. Node may not be available.
2025-10-16T08:52:27.820+05:30  INFO 18096 --- [travel-request-management] [kafka-admin-client-thread | travel-request-management-admin-0] org.apache.kafka.clients.NetworkClient   : [AdminClient clientId=travel-request-management-admin-0] Node -1 disconnected.
2025-10-16T08:52:27.820+05:30  WARN 18096 --- [travel-request-management] [kafka-admin-client-thread | travel-request-management-admin-0] org.apache.kafka.clients.NetworkClient   : [AdminClient clientId=travel-request-management-admin-0] Connection to node -1 (localhost/127.0.0.1:9092) could not be established. Node may not be available.
2025-10-16T08:52:28.870+05:30  INFO 18096 --- [travel-request-management] [kafka-admin-client-thread | travel-request-management-admin-0] org.apache.kafka.clients.NetworkClient   : [AdminClient clientId=travel-request-management-admin-0] Node -1 disconnected.
2025-10-16T08:52:28.872+05:30  WARN 18096 --- [travel-request-management] [kafka-admin-client-thread | travel-request-management-admin-0] org.apache.kafka.clients.NetworkClient   : [AdminClient clientId=travel-request-management-admin-0] Connection to node -1 (localhost/127.0.0.1:9092) could not be established. Node may not be available.
2025-10-16T08:52:29.919+05:30  INFO 18096 --- [travel-request-management] [kafka-admin-client-thread | travel-request-management-admin-0] org.apache.kafka.clients.NetworkClient   : [AdminClient clientId=travel-request-management-admin-0] Node -1 disconnected.
2025-10-16T08:52:29.920+05:30  WARN 18096 --- [travel-request-management] [kafka-admin-client-thread | travel-request-management-admin-0] org.apache.kafka.clients.NetworkClient   : [AdminClient clientId=travel-request-management-admin-0] Connection to node -1 (localhost/127.0.0.1:9092) could not be established. Node may not be available.
2025-10-16T08:52:31.002+05:30  INFO 18096 --- [travel-request-management] [kafka-admin-client-thread | travel-request-management-admin-0] org.apache.kafka.clients.NetworkClient   : [AdminClient clientId=travel-request-management-admin-0] Node -1 disconnected.
2025-10-16T08:52:31.002+05:30  WARN 18096 --- [travel-request-management] [kafka-admin-client-thread | travel-request-management-admin-0] org.apache.kafka.clients.NetworkClient   : [AdminClient clientId=travel-request-management-admin-0] Connection to node -1 (localhost/127.0.0.1:9092) could not be established. Node may not be available.
2025-10-16T08:52:31.467+05:30  INFO 18096 --- [travel-request-management] [kafka-admin-client-thread | travel-request-management-admin-0] o.a.k.c.a.i.AdminMetadataManager         : [AdminClient clientId=travel-request-management-admin-0] Metadata update failed

org.apache.kafka.common.errors.TimeoutException: Timed out waiting for a node assignment. Call: fetchMetadata

2025-10-16T08:52:31.467+05:30 ERROR 18096 --- [travel-request-management] [main] o.springframework.kafka.core.KafkaAdmin  : Could not configure topics

org.springframework.kafka.KafkaException: Timed out waiting to get existing topics
	at org.springframework.kafka.core.KafkaAdmin.lambda$checkPartitions$13(KafkaAdmin.java:550) ~[spring-kafka-3.2.4.jar:3.2.4]
	at java.base/java.util.HashMap.forEach(HashMap.java:1429) ~[na:na]
	at org.springframework.kafka.core.KafkaAdmin.checkPartitions(KafkaAdmin.java:529) ~[spring-kafka-3.2.4.jar:3.2.4]
	at org.springframework.kafka.core.KafkaAdmin.addOrModifyTopicsIfNeeded(KafkaAdmin.java:422) ~[spring-kafka-3.2.4.jar:3.2.4]
	at org.springframework.kafka.core.KafkaAdmin.initialize(KafkaAdmin.java:274) ~[spring-kafka-3.2.4.jar:3.2.4]
	at org.springframework.kafka.core.KafkaAdmin.afterSingletonsInstantiated(KafkaAdmin.java:238) ~[spring-kafka-3.2.4.jar:3.2.4]
	at org.springframework.beans.factory.support.DefaultListableBeanFactory.preInstantiateSingletons(DefaultListableBeanFactory.java:986) ~[spring-beans-6.1.13.jar:6.1.13]
	at org.springframework.context.support.AbstractApplicationContext.finishBeanFactoryInitialization(AbstractApplicationContext.java:971) ~[spring-context-6.1.13.jar:6.1.13]
	at org.springframework.context.support.AbstractApplicationContext.refresh(AbstractApplicationContext.java:625) ~[spring-context-6.1.13.jar:6.1.13]
	at org.springframework.boot.web.servlet.context.ServletWebServerApplicationContext.refresh(ServletWebServerApplicationContext.java:146) ~[spring-boot-3.3.4.jar:3.3.4]
	at org.springframework.boot.SpringApplication.refresh(SpringApplication.java:754) ~[spring-boot-3.3.4.jar:3.3.4]
	at org.springframework.boot.SpringApplication.refreshContext(SpringApplication.java:456) ~[spring-boot-3.3.4.jar:3.3.4]
	at org.springframework.boot.SpringApplication.run(SpringApplication.java:335) ~[spring-boot-3.3.4.jar:3.3.4]
	at org.springframework.boot.SpringApplication.run(SpringApplication.java:1363) ~[spring-boot-3.3.4.jar:3.3.4]
	at org.springframework.boot.SpringApplication.run(SpringApplication.java:1352) ~[spring-boot-3.3.4.jar:3.3.4]
	at com.bwc.travel_request_management.TravelRequestManagementApplication.main(TravelRequestManagementApplication.java:11) ~[classes/:na]
Caused by: java.util.concurrent.TimeoutException: null
	at java.base/java.util.concurrent.CompletableFuture.timedGet(CompletableFuture.java:1960) ~[na:na]
	at java.base/java.util.concurrent.CompletableFuture.get(CompletableFuture.java:2095) ~[na:na]
	at org.apache.kafka.common.internals.KafkaFutureImpl.get(KafkaFutureImpl.java:180) ~[kafka-clients-3.7.1.jar:na]
	at org.springframework.kafka.core.KafkaAdmin.lambda$checkPartitions$13(KafkaAdmin.java:532) ~[spring-kafka-3.2.4.jar:3.2.4]
	... 15 common frames omitted

2025-10-16T08:52:32.025+05:30  INFO 18096 --- [travel-request-management] [kafka-admin-client-thread | travel-request-management-admin-0] org.apache.kafka.clients.NetworkClient   : [AdminClient clientId=travel-request-management-admin-0] Node -1 disconnected.
2025-10-16T08:52:32.026+05:30  WARN 18096 --- [travel-request-management] [kafka-admin-client-thread | travel-request-management-admin-0] org.apache.kafka.clients.NetworkClient   : [AdminClient clientId=travel-request-management-admin-0] Connection to node -1 (localhost/127.0.0.1:9092) could not be established. Node may not be available.
2025-10-16T08:52:33.073+05:30  INFO 18096 --- [travel-request-management] [kafka-admin-client-thread | travel-request-management-admin-0] org.apache.kafka.clients.NetworkClient   : [AdminClient clientId=travel-request-management-admin-0] Node -1 disconnected.
2025-10-16T08:52:33.073+05:30  WARN 18096 --- [travel-request-management] [kafka-admin-client-thread | travel-request-management-admin-0] org.apache.kafka.clients.NetworkClient   : [AdminClient clientId=travel-request-management-admin-0] Connection to node -1 (localhost/127.0.0.1:9092) could not be established. Node may not be available.
2025-10-16T08:52:34.016+05:30  INFO 18096 --- [travel-request-management] [kafka-admin-client-thread | travel-request-management-admin-0] org.apache.kafka.clients.NetworkClient   : [AdminClient clientId=travel-request-management-admin-0] Node -1 disconnected.
2025-10-16T08:52:34.017+05:30  WARN 18096 --- [travel-request-management] [kafka-admin-client-thread | travel-request-management-admin-0] org.apache.kafka.clients.NetworkClient   : [AdminClient clientId=travel-request-management-admin-0] Connection to node -1 (localhost/127.0.0.1:9092) could not be established. Node may not be available.
2025-10-16T08:52:34.965+05:30  INFO 18096 --- [travel-request-management] [kafka-admin-client-thread | travel-request-management-admin-0] org.apache.kafka.clients.NetworkClient   : [AdminClient clientId=travel-request-management-admin-0] Node -1 disconnected.
2025-10-16T08:52:34.966+05:30  WARN 18096 --- [travel-request-management] [kafka-admin-client-thread | travel-request-management-admin-0] org.apache.kafka.clients.NetworkClient   : [AdminClient clientId=travel-request-management-admin-0] Connection to node -1 (localhost/127.0.0.1:9092) could not be established. Node may not be available.
2025-10-16T08:52:35.586+05:30  INFO 18096 --- [travel-request-management] [RMI TCP Connection(2)-127.0.0.1] inMXBeanRegistrar$SpringApplicationAdmin : Application shutdown requested.
2025-10-16T08:52:35.931+05:30  INFO 18096 --- [travel-request-management] [kafka-admin-client-thread | travel-request-management-admin-0] org.apache.kafka.clients.NetworkClient   : [AdminClient clientId=travel-request-management-admin-0] Node -1 disconnected.
2025-10-16T08:52:35.932+05:30  WARN 18096 --- [travel-request-management] [kafka-admin-client-thread | travel-request-management-admin-0] org.apache.kafka.clients.NetworkClient   : [AdminClient clientId=travel-request-management-admin-0] Connection to node -1 (localhost/127.0.0.1:9092) could not be established. Node may not be available.
2025-10-16T08:52:36.856+05:30  INFO 18096 --- [travel-request-management] [kafka-admin-client-thread | travel-request-management-admin-0] org.apache.kafka.clients.NetworkClient   : [AdminClient clientId=travel-request-management-admin-0] Node -1 disconnected.
2025-10-16T08:52:36.856+05:30  WARN 18096 --- [travel-request-management] [kafka-admin-client-thread | travel-request-management-admin-0] org.apache.kafka.clients.NetworkClient   : [AdminClient clientId=travel-request-management-admin-0] Connection to node -1 (localhost/127.0.0.1:9092) could not be established. Node may not be available.
2025-10-16T08:52:37.940+05:30  INFO 18096 --- [travel-request-management] [kafka-admin-client-thread | travel-request-management-admin-0] org.apache.kafka.clients.NetworkClient   : [AdminClient clientId=travel-request-management-admin-0] Node -1 disconnected.
2025-10-16T08:52:37.941+05:30  WARN 18096 --- [travel-request-management] [kafka-admin-client-thread | travel-request-management-admin-0] org.apache.kafka.clients.NetworkClient   : [AdminClient clientId=travel-request-management-admin-0] Connection to node -1 (localhost/127.0.0.1:9092) could not be established. Node may not be available.
2025-10-16T08:52:38.976+05:30  INFO 18096 --- [travel-request-management] [kafka-admin-client-thread | travel-request-management-admin-0] org.apache.kafka.clients.NetworkClient   : [AdminClient clientId=travel-request-management-admin-0] Node -1 disconnected.
2025-10-16T08:52:38.976+05:30  WARN 18096 --- [travel-request-management] [kafka-admin-client-thread | travel-request-management-admin-0] org.apache.kafka.clients.NetworkClient   : [AdminClient clientId=travel-request-management-admin-0] Connection to node -1 (localhost/127.0.0.1:9092) could not be established. Node may not be available.
2025-10-16T08:52:40.001+05:30  INFO 18096 --- [travel-request-management] [kafka-admin-client-thread | travel-request-management-admin-0] org.apache.kafka.clients.NetworkClient   : [AdminClient clientId=travel-request-management-admin-0] Node -1 disconnected.
2025-10-16T08:52:40.001+05:30  WARN 18096 --- [travel-request-management] [kafka-admin-client-thread | travel-request-management-admin-0] org.apache.kafka.clients.NetworkClient   : [AdminClient clientId=travel-request-management-admin-0] Connection to node -1 (localhost/127.0.0.1:9092) could not be established. Node may not be available.
2025-10-16T08:52:40.077+05:30  INFO 18096 --- [travel-request-management] [RMI TCP Connection(4)-127.0.0.1] inMXBeanRegistrar$SpringApplicationAdmin : Application shutdown requested.
2025-10-16T08:52:41.043+05:30  INFO 18096 --- [travel-request-management] [kafka-admin-client-thread | travel-request-management-admin-0] org.apache.kafka.clients.NetworkClient   : [AdminClient clientId=travel-request-management-admin-0] Node -1 disconnected.
2025-10-16T08:52:41.043+05:30  WARN 18096 --- [travel-request-management] [kafka-admin-client-thread | travel-request-management-admin-0] org.apache.kafka.clients.NetworkClient   : [AdminClient clientId=travel-request-management-admin-0] Connection to node -1 (localhost/127.0.0.1:9092) could not be established. Node may not be available.
2025-10-16T08:52:41.486+05:30  INFO 18096 --- [travel-request-management] [kafka-admin-client-thread | travel-request-management-admin-0] o.a.k.clients.admin.KafkaAdminClient     : [AdminClient clientId=travel-request-management-admin-0] Forcing a hard I/O thread shutdown. Requests in progress will be aborted.
2025-10-16T08:52:41.487+05:30  INFO 18096 --- [travel-request-management] [kafka-admin-client-thread | travel-request-management-admin-0] o.a.kafka.common.utils.AppInfoParser     : App info kafka.admin.client for travel-request-management-admin-0 unregistered
2025-10-16T08:52:41.488+05:30  INFO 18096 --- [travel-request-management] [kafka-admin-client-thread | travel-request-management-admin-0] o.a.k.c.a.i.AdminMetadataManager         : [AdminClient clientId=travel-request-management-admin-0] Metadata update failed

org.apache.kafka.common.errors.TimeoutException: The AdminClient thread has exited. Call: fetchMetadata

2025-10-16T08:52:41.489+05:30  INFO 18096 --- [travel-request-management] [kafka-admin-client-thread | travel-request-management-admin-0] o.a.k.clients.admin.KafkaAdminClient     : [AdminClient clientId=travel-request-management-admin-0] Timed out 2 remaining operation(s) during close.
2025-10-16T08:52:41.491+05:30  INFO 18096 --- [travel-request-management] [kafka-admin-client-thread | travel-request-management-admin-0] o.apache.kafka.common.metrics.Metrics    : Metrics scheduler closed
2025-10-16T08:52:41.491+05:30  INFO 18096 --- [travel-request-management] [kafka-admin-client-thread | travel-request-management-admin-0] o.apache.kafka.common.metrics.Metrics    : Closing reporter org.apache.kafka.common.metrics.JmxReporter
2025-10-16T08:52:41.492+05:30  INFO 18096 --- [travel-request-management] [kafka-admin-client-thread | travel-request-management-admin-0] o.apache.kafka.common.metrics.Metrics    : Metrics reporters closed
2025-10-16T08:52:41.497+05:30  INFO 18096 --- [travel-request-management] [main] o.s.b.w.embedded.tomcat.TomcatWebServer  : Tomcat started on port 9015 (http) with context path '/travel-management'
2025-10-16T08:52:41.531+05:30  INFO 18096 --- [travel-request-management] [main] o.s.b.w.embedded.tomcat.TomcatWebServer  : Tomcat initialized with port 9115 (http)
2025-10-16T08:52:41.531+05:30  INFO 18096 --- [travel-request-management] [main] o.apache.catalina.core.StandardService   : Starting service [Tomcat]
2025-10-16T08:52:41.531+05:30  INFO 18096 --- [travel-request-management] [main] o.apache.catalina.core.StandardEngine    : Starting Servlet engine: [Apache Tomcat/10.1.30]
2025-10-16T08:52:41.548+05:30  INFO 18096 --- [travel-request-management] [main] o.a.c.c.C.[Tomcat-1].[localhost].[/]     : Initializing Spring embedded WebApplicationContext
2025-10-16T08:52:41.549+05:30  INFO 18096 --- [travel-request-management] [main] w.s.c.ServletWebServerApplicationContext : Root WebApplicationContext: initialization completed in 47 ms
2025-10-16T08:52:41.557+05:30  INFO 18096 --- [travel-request-management] [main] o.s.b.a.e.web.EndpointLinksResolver      : Exposing 7 endpoints beneath base path '/management'
2025-10-16T08:52:41.577+05:30  INFO 18096 --- [travel-request-management] [main] o.s.b.w.embedded.tomcat.TomcatWebServer  : Tomcat started on port 9115 (http) with context path '/'
2025-10-16T08:52:41.595+05:30  INFO 18096 --- [travel-request-management] [main] o.a.k.clients.consumer.ConsumerConfig    : ConsumerConfig values: 
	allow.auto.create.topics = true
	auto.commit.interval.ms = 5000
	auto.include.jmx.reporter = true
	auto.offset.reset = latest
	bootstrap.servers = [localhost:9092]
	check.crcs = true
	client.dns.lookup = use_all_dns_ips
	client.id = consumer-travel-request-group-1
	client.rack = 
	connections.max.idle.ms = 540000
	default.api.timeout.ms = 60000
	enable.auto.commit = false
	enable.metrics.push = true
	exclude.internal.topics = true
	fetch.max.bytes = 52428800
	fetch.max.wait.ms = 500
	fetch.min.bytes = 1
	group.id = travel-request-group
	group.instance.id = null
	group.protocol = classic
	group.remote.assignor = null
	heartbeat.interval.ms = 3000
	interceptor.classes = []
	internal.leave.group.on.close = true
	internal.throw.on.fetch.stable.offset.unsupported = false
	isolation.level = read_uncommitted
	key.deserializer = class org.apache.kafka.common.serialization.StringDeserializer
	max.partition.fetch.bytes = 1048576
	max.poll.interval.ms = 300000
	max.poll.records = 500
	metadata.max.age.ms = 300000
	metric.reporters = []
	metrics.num.samples = 2
	metrics.recording.level = INFO
	metrics.sample.window.ms = 30000
	partition.assignment.strategy = [class org.apache.kafka.clients.consumer.RangeAssignor, class org.apache.kafka.clients.consumer.CooperativeStickyAssignor]
	receive.buffer.bytes = 65536
	reconnect.backoff.max.ms = 1000
	reconnect.backoff.ms = 50
	request.timeout.ms = 30000
	retry.backoff.max.ms = 1000
	retry.backoff.ms = 100
	sasl.client.callback.handler.class = null
	sasl.jaas.config = null
	sasl.kerberos.kinit.cmd = /usr/bin/kinit
	sasl.kerberos.min.time.before.relogin = 60000
	sasl.kerberos.service.name = null
	sasl.kerberos.ticket.renew.jitter = 0.05
	sasl.kerberos.ticket.renew.window.factor = 0.8
	sasl.login.callback.handler.class = null
	sasl.login.class = null
	sasl.login.connect.timeout.ms = null
	sasl.login.read.timeout.ms = null
	sasl.login.refresh.buffer.seconds = 300
	sasl.login.refresh.min.period.seconds = 60
	sasl.login.refresh.window.factor = 0.8
	sasl.login.refresh.window.jitter = 0.05
	sasl.login.retry.backoff.max.ms = 10000
	sasl.login.retry.backoff.ms = 100
	sasl.mechanism = GSSAPI
	sasl.oauthbearer.clock.skew.seconds = 30
	sasl.oauthbearer.expected.audience = null
	sasl.oauthbearer.expected.issuer = null
	sasl.oauthbearer.jwks.endpoint.refresh.ms = 3600000
	sasl.oauthbearer.jwks.endpoint.retry.backoff.max.ms = 10000
	sasl.oauthbearer.jwks.endpoint.retry.backoff.ms = 100
	sasl.oauthbearer.jwks.endpoint.url = null
	sasl.oauthbearer.scope.claim.name = scope
	sasl.oauthbearer.sub.claim.name = sub
	sasl.oauthbearer.token.endpoint.url = null
	security.protocol = PLAINTEXT
	security.providers = null
	send.buffer.bytes = 131072
	session.timeout.ms = 45000
	socket.connection.setup.timeout.max.ms = 30000
	socket.connection.setup.timeout.ms = 10000
	ssl.cipher.suites = null
	ssl.enabled.protocols = [TLSv1.2, TLSv1.3]
	ssl.endpoint.identification.algorithm = https
	ssl.engine.factory.class = null
	ssl.key.password = null
	ssl.keymanager.algorithm = SunX509
	ssl.keystore.certificate.chain = null
	ssl.keystore.key = null
	ssl.keystore.location = null
	ssl.keystore.password = null
	ssl.keystore.type = JKS
	ssl.protocol = TLSv1.3
	ssl.provider = null
	ssl.secure.random.implementation = null
	ssl.trustmanager.algorithm = PKIX
	ssl.truststore.certificates = null
	ssl.truststore.location = null
	ssl.truststore.password = null
	ssl.truststore.type = JKS
	value.deserializer = class org.apache.kafka.common.serialization.StringDeserializer

2025-10-16T08:52:41.617+05:30  INFO 18096 --- [travel-request-management] [main] o.a.k.c.t.i.KafkaMetricsCollector        : initializing Kafka metrics collector
2025-10-16T08:52:41.647+05:30  INFO 18096 --- [travel-request-management] [main] o.a.kafka.common.utils.AppInfoParser     : Kafka version: 3.7.1
2025-10-16T08:52:41.647+05:30  INFO 18096 --- [travel-request-management] [main] o.a.kafka.common.utils.AppInfoParser     : Kafka commitId: e2494e6ffb89f828
2025-10-16T08:52:41.647+05:30  INFO 18096 --- [travel-request-management] [main] o.a.kafka.common.utils.AppInfoParser     : Kafka startTimeMs: 1760584961647
2025-10-16T08:52:41.653+05:30  INFO 18096 --- [travel-request-management] [main] o.a.k.c.c.internals.LegacyKafkaConsumer  : [Consumer clientId=consumer-travel-request-group-1, groupId=travel-request-group] Subscribed to topic(s): workflow-status-events
2025-10-16T08:52:41.665+05:30  INFO 18096 --- [travel-request-management] [main] c.b.t.TravelRequestManagementApplication : Started TravelRequestManagementApplication in 45.008 seconds (process running for 45.37)
2025-10-16T08:52:41.670+05:30  INFO 18096 --- [travel-request-management] [RMI TCP Connection(2)-127.0.0.1] o.apache.catalina.core.StandardService   : Stopping service [Tomcat]
2025-10-16T08:52:41.790+05:30  INFO 18096 --- [travel-request-management] [org.springframework.kafka.KafkaListenerEndpointContainer#0-0-C-1] org.apache.kafka.clients.NetworkClient   : [Consumer clientId=consumer-travel-request-group-1, groupId=travel-request-group] Node -1 disconnected.
2025-10-16T08:52:41.791+05:30  WARN 18096 --- [travel-request-management] [org.springframework.kafka.KafkaListenerEndpointContainer#0-0-C-1] org.apache.kafka.clients.NetworkClient   : [Consumer clientId=consumer-travel-request-group-1, groupId=travel-request-group] Connection to node -1 (localhost/127.0.0.1:9092) could not be established. Node may not be available.
2025-10-16T08:52:41.791+05:30  WARN 18096 --- [travel-request-management] [org.springframework.kafka.KafkaListenerEndpointContainer#0-0-C-1] org.apache.kafka.clients.NetworkClient   : [Consumer clientId=consumer-travel-request-group-1, groupId=travel-request-group] Bootstrap broker localhost:9092 (id: -1 rack: null) disconnected
2025-10-16T08:52:41.795+05:30  INFO 18096 --- [travel-request-management] [org.springframework.kafka.KafkaListenerEndpointContainer#0-0-C-1] o.a.k.c.c.internals.ConsumerCoordinator  : [Consumer clientId=consumer-travel-request-group-1, groupId=travel-request-group] Resetting generation and member id due to: consumer pro-actively leaving the group
2025-10-16T08:52:41.796+05:30  INFO 18096 --- [travel-request-management] [org.springframework.kafka.KafkaListenerEndpointContainer#0-0-C-1] o.a.k.c.c.internals.ConsumerCoordinator  : [Consumer clientId=consumer-travel-request-group-1, groupId=travel-request-group] Request joining group due to: consumer pro-actively leaving the group
2025-10-16T08:52:41.796+05:30  INFO 18096 --- [travel-request-management] [org.springframework.kafka.KafkaListenerEndpointContainer#0-0-C-1] o.a.k.c.c.internals.LegacyKafkaConsumer  : [Consumer clientId=consumer-travel-request-group-1, groupId=travel-request-group] Unsubscribed all topics or patterns and assigned partitions
2025-10-16T08:52:41.797+05:30  INFO 18096 --- [travel-request-management] [org.springframework.kafka.KafkaListenerEndpointContainer#0-0-C-1] o.a.k.c.c.internals.ConsumerCoordinator  : [Consumer clientId=consumer-travel-request-group-1, groupId=travel-request-group] Resetting generation and member id due to: consumer pro-actively leaving the group
2025-10-16T08:52:41.797+05:30  INFO 18096 --- [travel-request-management] [org.springframework.kafka.KafkaListenerEndpointContainer#0-0-C-1] o.a.k.c.c.internals.ConsumerCoordinator  : [Consumer clientId=consumer-travel-request-group-1, groupId=travel-request-group] Request joining group due to: consumer pro-actively leaving the group
2025-10-16T08:52:41.800+05:30  INFO 18096 --- [travel-request-management] [org.springframework.kafka.KafkaListenerEndpointContainer#0-0-C-1] o.apache.kafka.common.metrics.Metrics    : Metrics scheduler closed
2025-10-16T08:52:41.800+05:30  INFO 18096 --- [travel-request-management] [org.springframework.kafka.KafkaListenerEndpointContainer#0-0-C-1] o.apache.kafka.common.metrics.Metrics    : Closing reporter org.apache.kafka.common.metrics.JmxReporter
2025-10-16T08:52:41.800+05:30  INFO 18096 --- [travel-request-management] [org.springframework.kafka.KafkaListenerEndpointContainer#0-0-C-1] o.apache.kafka.common.metrics.Metrics    : Closing reporter org.apache.kafka.common.telemetry.internals.ClientTelemetryReporter
2025-10-16T08:52:41.800+05:30  INFO 18096 --- [travel-request-management] [org.springframework.kafka.KafkaListenerEndpointContainer#0-0-C-1] o.apache.kafka.common.metrics.Metrics    : Metrics reporters closed
2025-10-16T08:52:41.802+05:30  INFO 18096 --- [travel-request-management] [org.springframework.kafka.KafkaListenerEndpointContainer#0-0-C-1] o.a.kafka.common.utils.AppInfoParser     : App info kafka.consumer for consumer-travel-request-group-1 unregistered
2025-10-16T08:52:41.809+05:30  INFO 18096 --- [travel-request-management] [org.springframework.kafka.KafkaListenerEndpointContainer#0-0-C-1] o.s.k.l.KafkaMessageListenerContainer    : travel-request-group: Consumer stopped
2025-10-16T08:52:41.816+05:30  INFO 18096 --- [travel-request-management] [RMI TCP Connection(2)-127.0.0.1] j.LocalContainerEntityManagerFactoryBean : Closing JPA EntityManagerFactory for persistence unit 'default'
2025-10-16T08:52:41.817+05:30  INFO 18096 --- [travel-request-management] [RMI TCP Connection(2)-127.0.0.1] com.zaxxer.hikari.HikariDataSource       : HikariPool-1 - Shutdown initiated...
2025-10-16T08:52:41.820+05:30  INFO 18096 --- [travel-request-management] [RMI TCP Connection(2)-127.0.0.1] com.zaxxer.hikari.HikariDataSource       : HikariPool-1 - Shutdown completed.
