2025-10-15T15:08:07.295+05:30  INFO 20896 --- [AuthServiceApplication] [main] c.b.authservice.AuthServiceApplication   : Starting AuthServiceApplication using Java 21.0.7 with PID 20896 (D:\sid\TRAVELREQUETMANAGEMENT\auth-service\target\classes started by sdarade in D:\sid\TRAVELREQUETMANAGEMENT\auth-service)
2025-10-15T15:08:07.296+05:30  INFO 20896 --- [AuthServiceApplication] [main] c.b.authservice.AuthServiceApplication   : No active profile set, falling back to 1 default profile: "default"
2025-10-15T15:08:07.657+05:30  INFO 20896 --- [AuthServiceApplication] [main] .s.d.r.c.RepositoryConfigurationDelegate : Bootstrapping Spring Data JPA repositories in DEFAULT mode.
2025-10-15T15:08:07.685+05:30  INFO 20896 --- [AuthServiceApplication] [main] .s.d.r.c.RepositoryConfigurationDelegate : Finished Spring Data repository scanning in 23 ms. Found 1 JPA repository interface.
2025-10-15T15:08:07.789+05:30  INFO 20896 --- [AuthServiceApplication] [main] o.s.cloud.context.scope.GenericScope     : BeanFactory id=8590e459-1aa5-3ddc-bb05-2394fe62f068
2025-10-15T15:08:07.969+05:30  INFO 20896 --- [AuthServiceApplication] [main] o.s.b.w.embedded.tomcat.TomcatWebServer  : Tomcat initialized with port 9011 (http)
2025-10-15T15:08:07.976+05:30  INFO 20896 --- [AuthServiceApplication] [main] o.apache.catalina.core.StandardService   : Starting service [Tomcat]
2025-10-15T15:08:07.977+05:30  INFO 20896 --- [AuthServiceApplication] [main] o.apache.catalina.core.StandardEngine    : Starting Servlet engine: [Apache Tomcat/10.1.30]
2025-10-15T15:08:08.010+05:30  INFO 20896 --- [AuthServiceApplication] [main] o.a.c.c.C.[Tomcat].[localhost].[/auth]   : Initializing Spring embedded WebApplicationContext
2025-10-15T15:08:08.010+05:30  INFO 20896 --- [AuthServiceApplication] [main] w.s.c.ServletWebServerApplicationContext : Root WebApplicationContext: initialization completed in 691 ms
2025-10-15T15:08:08.092+05:30  INFO 20896 --- [AuthServiceApplication] [main] o.hibernate.jpa.internal.util.LogHelper  : HHH000204: Processing PersistenceUnitInfo [name: default]
2025-10-15T15:08:08.118+05:30  INFO 20896 --- [AuthServiceApplication] [main] org.hibernate.Version                    : HHH000412: Hibernate ORM core version 6.5.3.Final
2025-10-15T15:08:08.139+05:30  INFO 20896 --- [AuthServiceApplication] [main] o.h.c.internal.RegionFactoryInitiator    : HHH000026: Second-level cache disabled
2025-10-15T15:08:08.293+05:30  INFO 20896 --- [AuthServiceApplication] [main] o.s.o.j.p.SpringPersistenceUnitInfo      : No LoadTimeWeaver setup: ignoring JPA class transformer
2025-10-15T15:08:08.310+05:30  INFO 20896 --- [AuthServiceApplication] [main] com.zaxxer.hikari.HikariDataSource       : HikariPool-1 - Starting...
2025-10-15T15:08:08.520+05:30  INFO 20896 --- [AuthServiceApplication] [main] com.zaxxer.hikari.pool.HikariPool        : HikariPool-1 - Added connection org.postgresql.jdbc.PgConnection@49e62b17
2025-10-15T15:08:08.521+05:30  INFO 20896 --- [AuthServiceApplication] [main] com.zaxxer.hikari.HikariDataSource       : HikariPool-1 - Start completed.
2025-10-15T15:08:08.988+05:30  INFO 20896 --- [AuthServiceApplication] [main] o.h.e.t.j.p.i.JtaPlatformInitiator       : HHH000489: No JTA platform available (set 'hibernate.transaction.jta.platform' to enable JTA platform integration)
2025-10-15T15:08:09.023+05:30  WARN 20896 --- [AuthServiceApplication] [main] o.h.engine.jdbc.spi.SqlExceptionHelper   : SQL Warning Code: 0, SQLState: 00000
2025-10-15T15:08:09.024+05:30  WARN 20896 --- [AuthServiceApplication] [main] o.h.engine.jdbc.spi.SqlExceptionHelper   : constraint "uk6jqfsuvys3lan090p4mk16a5t" of relation "auth_users" does not exist, skipping
2025-10-15T15:08:09.025+05:30  WARN 20896 --- [AuthServiceApplication] [main] o.h.engine.jdbc.spi.SqlExceptionHelper   : SQL Warning Code: 0, SQLState: 00000
2025-10-15T15:08:09.025+05:30  WARN 20896 --- [AuthServiceApplication] [main] o.h.engine.jdbc.spi.SqlExceptionHelper   : constraint "ukb1d8m849oasp375q8peapis00" of relation "auth_users" does not exist, skipping
2025-10-15T15:08:09.027+05:30  INFO 20896 --- [AuthServiceApplication] [main] j.LocalContainerEntityManagerFactoryBean : Initialized JPA EntityManagerFactory for persistence unit 'default'
2025-10-15T15:08:09.230+05:30  WARN 20896 --- [AuthServiceApplication] [main] JpaBaseConfiguration$JpaWebConfiguration : spring.jpa.open-in-view is enabled by default. Therefore, database queries may be performed during view rendering. Explicitly configure spring.jpa.open-in-view to disable this warning
2025-10-15T15:08:09.284+05:30  WARN 20896 --- [AuthServiceApplication] [main] .s.s.UserDetailsServiceAutoConfiguration : 

Using generated security password: 76e21c3d-ccc5-4225-be67-9498e2aa3e9e

This generated password is for development use only. Your security configuration must be updated before running your application in production.

2025-10-15T15:08:09.292+05:30  INFO 20896 --- [AuthServiceApplication] [main] r$InitializeUserDetailsManagerConfigurer : Global AuthenticationManager configured with UserDetailsService bean with name inMemoryUserDetailsManager
2025-10-15T15:08:09.559+05:30  INFO 20896 --- [AuthServiceApplication] [main] o.s.b.w.embedded.tomcat.TomcatWebServer  : Tomcat started on port 9011 (http) with context path '/auth'
2025-10-15T15:08:09.565+05:30  INFO 20896 --- [AuthServiceApplication] [main] c.b.authservice.AuthServiceApplication   : Started AuthServiceApplication in 2.504 seconds (process running for 2.838)
2025-10-15T16:55:16.096+05:30  INFO 20896 --- [AuthServiceApplication] [http-nio-0.0.0.0-9011-exec-2] o.a.c.c.C.[Tomcat].[localhost].[/auth]   : Initializing Spring DispatcherServlet 'dispatcherServlet'
2025-10-15T16:55:16.101+05:30  INFO 20896 --- [AuthServiceApplication] [http-nio-0.0.0.0-9011-exec-2] o.s.web.servlet.DispatcherServlet        : Initializing Servlet 'dispatcherServlet'
2025-10-15T16:55:16.134+05:30  INFO 20896 --- [AuthServiceApplication] [http-nio-0.0.0.0-9011-exec-2] o.s.web.servlet.DispatcherServlet        : Completed initialization in 33 ms
2025-10-15T17:02:03.505+05:30  INFO 20896 --- [AuthServiceApplication] [RMI TCP Connection(124)-127.0.0.1] inMXBeanRegistrar$SpringApplicationAdmin : Application shutdown requested.
2025-10-15T17:02:03.513+05:30  INFO 20896 --- [AuthServiceApplication] [RMI TCP Connection(124)-127.0.0.1] j.LocalContainerEntityManagerFactoryBean : Closing JPA EntityManagerFactory for persistence unit 'default'
2025-10-15T17:02:03.514+05:30  INFO 20896 --- [AuthServiceApplication] [RMI TCP Connection(124)-127.0.0.1] com.zaxxer.hikari.HikariDataSource       : HikariPool-1 - Shutdown initiated...
2025-10-15T17:02:03.515+05:30  INFO 20896 --- [AuthServiceApplication] [RMI TCP Connection(124)-127.0.0.1] com.zaxxer.hikari.HikariDataSource       : HikariPool-1 - Shutdown completed.
2025-10-15T17:04:01.472+05:30  INFO 25624 --- [AuthServiceApplication] [main] c.b.authservice.AuthServiceApplication   : Starting AuthServiceApplication using Java 21.0.7 with PID 25624 (D:\sid\TRAVELREQUETMANAGEMENT\auth-service\target\classes started by sdarade in D:\sid\TRAVELREQUETMANAGEMENT\auth-service)
2025-10-15T17:04:01.473+05:30  INFO 25624 --- [AuthServiceApplication] [main] c.b.authservice.AuthServiceApplication   : No active profile set, falling back to 1 default profile: "default"
2025-10-15T17:04:01.814+05:30  INFO 25624 --- [AuthServiceApplication] [main] .s.d.r.c.RepositoryConfigurationDelegate : Bootstrapping Spring Data JPA repositories in DEFAULT mode.
2025-10-15T17:04:01.840+05:30  INFO 25624 --- [AuthServiceApplication] [main] .s.d.r.c.RepositoryConfigurationDelegate : Finished Spring Data repository scanning in 22 ms. Found 1 JPA repository interface.
2025-10-15T17:04:01.941+05:30  INFO 25624 --- [AuthServiceApplication] [main] o.s.cloud.context.scope.GenericScope     : BeanFactory id=8590e459-1aa5-3ddc-bb05-2394fe62f068
2025-10-15T17:04:02.124+05:30  INFO 25624 --- [AuthServiceApplication] [main] o.s.b.w.embedded.tomcat.TomcatWebServer  : Tomcat initialized with port 9011 (http)
2025-10-15T17:04:02.131+05:30  INFO 25624 --- [AuthServiceApplication] [main] o.apache.catalina.core.StandardService   : Starting service [Tomcat]
2025-10-15T17:04:02.131+05:30  INFO 25624 --- [AuthServiceApplication] [main] o.apache.catalina.core.StandardEngine    : Starting Servlet engine: [Apache Tomcat/10.1.30]
2025-10-15T17:04:02.163+05:30  INFO 25624 --- [AuthServiceApplication] [main] o.a.c.c.C.[Tomcat].[localhost].[/auth]   : Initializing Spring embedded WebApplicationContext
2025-10-15T17:04:02.163+05:30  INFO 25624 --- [AuthServiceApplication] [main] w.s.c.ServletWebServerApplicationContext : Root WebApplicationContext: initialization completed in 668 ms
2025-10-15T17:04:02.244+05:30  INFO 25624 --- [AuthServiceApplication] [main] o.hibernate.jpa.internal.util.LogHelper  : HHH000204: Processing PersistenceUnitInfo [name: default]
2025-10-15T17:04:02.271+05:30  INFO 25624 --- [AuthServiceApplication] [main] org.hibernate.Version                    : HHH000412: Hibernate ORM core version 6.5.3.Final
2025-10-15T17:04:02.295+05:30  INFO 25624 --- [AuthServiceApplication] [main] o.h.c.internal.RegionFactoryInitiator    : HHH000026: Second-level cache disabled
2025-10-15T17:04:02.452+05:30  INFO 25624 --- [AuthServiceApplication] [main] o.s.o.j.p.SpringPersistenceUnitInfo      : No LoadTimeWeaver setup: ignoring JPA class transformer
2025-10-15T17:04:02.468+05:30  INFO 25624 --- [AuthServiceApplication] [main] com.zaxxer.hikari.HikariDataSource       : HikariPool-1 - Starting...
2025-10-15T17:04:02.557+05:30  INFO 25624 --- [AuthServiceApplication] [main] com.zaxxer.hikari.pool.HikariPool        : HikariPool-1 - Added connection org.postgresql.jdbc.PgConnection@5503c7d
2025-10-15T17:04:02.558+05:30  INFO 25624 --- [AuthServiceApplication] [main] com.zaxxer.hikari.HikariDataSource       : HikariPool-1 - Start completed.
2025-10-15T17:04:03.024+05:30  INFO 25624 --- [AuthServiceApplication] [main] o.h.e.t.j.p.i.JtaPlatformInitiator       : HHH000489: No JTA platform available (set 'hibernate.transaction.jta.platform' to enable JTA platform integration)
2025-10-15T17:04:03.055+05:30  INFO 25624 --- [AuthServiceApplication] [main] j.LocalContainerEntityManagerFactoryBean : Initialized JPA EntityManagerFactory for persistence unit 'default'
2025-10-15T17:04:03.258+05:30  WARN 25624 --- [AuthServiceApplication] [main] JpaBaseConfiguration$JpaWebConfiguration : spring.jpa.open-in-view is enabled by default. Therefore, database queries may be performed during view rendering. Explicitly configure spring.jpa.open-in-view to disable this warning
2025-10-15T17:04:03.312+05:30  WARN 25624 --- [AuthServiceApplication] [main] .s.s.UserDetailsServiceAutoConfiguration : 

Using generated security password: 9ef6ab15-a409-4f3b-b197-5f6cb2ccd577

This generated password is for development use only. Your security configuration must be updated before running your application in production.

2025-10-15T17:04:03.319+05:30  INFO 25624 --- [AuthServiceApplication] [main] r$InitializeUserDetailsManagerConfigurer : Global AuthenticationManager configured with UserDetailsService bean with name inMemoryUserDetailsManager
2025-10-15T17:04:03.579+05:30  INFO 25624 --- [AuthServiceApplication] [main] o.s.b.w.embedded.tomcat.TomcatWebServer  : Tomcat started on port 9011 (http) with context path '/auth'
2025-10-15T17:04:03.584+05:30  INFO 25624 --- [AuthServiceApplication] [main] c.b.authservice.AuthServiceApplication   : Started AuthServiceApplication in 2.346 seconds (process running for 2.687)
2025-10-15T17:45:39.648+05:30  INFO 25624 --- [AuthServiceApplication] [http-nio-0.0.0.0-9011-exec-1] o.a.c.c.C.[Tomcat].[localhost].[/auth]   : Initializing Spring DispatcherServlet 'dispatcherServlet'
2025-10-15T17:45:39.649+05:30  INFO 25624 --- [AuthServiceApplication] [http-nio-0.0.0.0-9011-exec-1] o.s.web.servlet.DispatcherServlet        : Initializing Servlet 'dispatcherServlet'
2025-10-15T17:45:39.650+05:30  INFO 25624 --- [AuthServiceApplication] [http-nio-0.0.0.0-9011-exec-1] o.s.web.servlet.DispatcherServlet        : Completed initialization in 1 ms
